0 info it worked if it ends with ok
1 verbose cli [ 'D:\\node\\node\\node.exe',
1 verbose cli   'D:\\node_modules\\npm\\bin\\npm-cli.js',
1 verbose cli   'run',
1 verbose cli   'dec' ]
2 info using npm@6.10.0
3 info using node@v10.14.1
4 verbose stack Error: missing script: dec
4 verbose stack
4 verbose stack Did you mean this?
4 verbose stack     dev
4 verbose stack     at run (D:\node_modules\npm\lib\run-script.js:155:19)
4 verbose stack     at D:\node_modules\npm\lib\run-script.js:63:5
4 verbose stack     at D:\node_modules\npm\node_modules\read-package-json\read-json.js:115:5
4 verbose stack     at D:\node_modules\npm\node_modules\read-package-json\read-json.js:418:5
4 verbose stack     at checkBinReferences_ (D:\node_modules\npm\node_modules\read-package-json\read-json.js:373:45)
4 verbose stack     at final (D:\node_modules\npm\node_modules\read-package-json\read-json.js:416:3)
4 verbose stack     at then (D:\node_modules\npm\node_modules\read-package-json\read-json.js:160:5)
4 verbose stack     at D:\node_modules\npm\node_modules\read-package-json\read-json.js:364:12
4 verbose stack     at D:\node_modules\npm\node_modules\graceful-fs\graceful-fs.js:90:16
4 verbose stack     at FSReqWrap.readFileAfterClose [as oncomplete] (internal/fs/read_file_context.js:53:3)
5 verbose cwd D:\dingziling\useWebpack
6 verbose Windows_NT 10.0.17134
7 verbose argv "D:\\node\\node\\node.exe" "D:\\node_modules\\npm\\bin\\npm-cli.js" "run" "dec"
8 verbose node v10.14.1
9 verbose npm  v6.10.0
10 error missing script: dec
10 error
10 error Did you mean this?
10 error     dev
11 verbose exit [ 1, true ]
